Using pre-set license
Built from '2021.3/staging' branch; Version is '2021.3.14f1 (eee1884e7226) revision 15655304'; Using compiler version '192829333'; Build Type 'Release'
OS: 'Windows 10  (10.0.19044) 64bit Core' Language: 'en' Physical Memory: 16326 MB
BatchMode: 1, IsHumanControllingUs: 0, StartBugReporterOnCrash: 0, Is64bit: 1, IsPro: 1

COMMAND LINE ARGUMENTS:
C:\Program Files\Unity\Hub\Editor\2021.3.14f1\Editor\Unity.exe
-adb2
-batchMode
-noUpm
-name
AssetImportWorker0
-projectPath
C:/Users/bakyzz/Documents/GitHub/HelpASD
-logFile
Logs/AssetImportWorker0.log
-srvPort
53364
Successfully changed project path to: C:/Users/bakyzz/Documents/GitHub/HelpASD
C:/Users/bakyzz/Documents/GitHub/HelpASD
[UnityMemory] Configuration Parameters - Can be set up in boot.config
    "memorysetup-bucket-allocator-granularity=16"
    "memorysetup-bucket-allocator-bucket-count=8"
    "memorysetup-bucket-allocator-block-size=33554432"
    "memorysetup-bucket-allocator-block-count=8"
    "memorysetup-main-allocator-block-size=16777216"
    "memorysetup-thread-allocator-block-size=16777216"
    "memorysetup-gfx-main-allocator-block-size=16777216"
    "memorysetup-gfx-thread-allocator-block-size=16777216"
    "memorysetup-cache-allocator-block-size=4194304"
    "memorysetup-typetree-allocator-block-size=2097152"
    "memorysetup-profiler-bucket-allocator-granularity=16"
    "memorysetup-profiler-bucket-allocator-bucket-count=8"
    "memorysetup-profiler-bucket-allocator-block-size=33554432"
    "memorysetup-profiler-bucket-allocator-block-count=8"
    "memorysetup-profiler-allocator-block-size=16777216"
    "memorysetup-profiler-editor-allocator-block-size=1048576"
    "memorysetup-temp-allocator-size-main=16777216"
    "memorysetup-job-temp-allocator-block-size=2097152"
    "memorysetup-job-temp-allocator-block-size-background=1048576"
    "memorysetup-job-temp-allocator-reduction-small-platforms=262144"
    "memorysetup-temp-allocator-size-background-worker=32768"
    "memorysetup-temp-allocator-size-job-worker=262144"
    "memorysetup-temp-allocator-size-preload-manager=33554432"
    "memorysetup-temp-allocator-size-nav-mesh-worker=65536"
    "memorysetup-temp-allocator-size-audio-worker=65536"
    "memorysetup-temp-allocator-size-cloud-worker=32768"
    "memorysetup-temp-allocator-size-gi-baking-worker=262144"
    "memorysetup-temp-allocator-size-gfx=262144"
Refreshing native plugins compatible for Editor in 113.55 ms, found 3 plugins.
Preloading 0 native plugins for Editor in 0.00 ms.
Initialize engine version: 2021.3.14f1 (eee1884e7226)
[Subsystems] Discovering subsystems at path C:/Program Files/Unity/Hub/Editor/2021.3.14f1/Editor/Data/Resources/UnitySubsystems
[Subsystems] Discovering subsystems at path C:/Users/bakyzz/Documents/GitHub/HelpASD/Assets
GfxDevice: creating device client; threaded=0; jobified=0
Direct3D:
    Version:  Direct3D 11.0 [level 11.1]
    Renderer: NVIDIA GeForce GTX 1660 Ti (ID=0x2182)
    Vendor:   NVIDIA
    VRAM:     5979 MB
    Driver:   31.0.15.3179
Initialize mono
Mono path[0] = 'C:/Program Files/Unity/Hub/Editor/2021.3.14f1/Editor/Data/Managed'
Mono path[1] = 'C:/Program Files/Unity/Hub/Editor/2021.3.14f1/Editor/Data/MonoBleedingEdge/lib/mono/unityjit-win32'
Mono config path = 'C:/Program Files/Unity/Hub/Editor/2021.3.14f1/Editor/Data/MonoBleedingEdge/etc'
Using monoOptions --debugger-agent=transport=dt_socket,embedding=1,server=y,suspend=n,address=127.0.0.1:56564
Begin MonoManager ReloadAssembly
Registering precompiled unity dll's ...
Register platform support module: C:/Program Files/Unity/Hub/Editor/2021.3.14f1/Editor/Data/PlaybackEngines/AndroidPlayer/UnityEditor.Android.Extensions.dll
Register platform support module: C:/Program Files/Unity/Hub/Editor/2021.3.14f1/Editor/Data/PlaybackEngines/WindowsStandaloneSupport/UnityEditor.WindowsStandalone.Extensions.dll
Registered in 0.014094 seconds.
Native extension for WindowsStandalone target not found
Native extension for Android target not found
Refreshing native plugins compatible for Editor in 102.56 ms, found 3 plugins.
Preloading 0 native plugins for Editor in 0.00 ms.
Mono: successfully reloaded assembly
- Completed reload, in  0.758 seconds
Domain Reload Profiling:
	ReloadAssembly (758ms)
		BeginReloadAssembly (93ms)
			ExecutionOrderSort (0ms)
			DisableScriptedObjects (0ms)
			BackupInstance (0ms)
			ReleaseScriptingObjects (0ms)
			CreateAndSetChildDomain (1ms)
		EndReloadAssembly (530ms)
			LoadAssemblies (90ms)
			RebuildTransferFunctionScriptingTraits (0ms)
			SetupTypeCache (115ms)
			ReleaseScriptCaches (0ms)
			RebuildScriptCaches (29ms)
			SetupLoadedEditorAssemblies (329ms)
				LogAssemblyErrors (0ms)
				InitializePlatformSupportModulesInManaged (67ms)
				SetLoadedEditorAssemblies (0ms)
				RefreshPlugins (103ms)
				BeforeProcessingInitializeOnLoad (4ms)
				ProcessInitializeOnLoadAttributes (106ms)
				ProcessInitializeOnLoadMethodAttributes (49ms)
				AfterProcessingInitializeOnLoad (0ms)
				EditorAssembliesLoaded (0ms)
			ExecutionOrderSort2 (0ms)
			AwakeInstancesAfterBackupRestoration (0ms)
Platform modules already initialized, skipping
Registering precompiled user dll's ...
Registered in 0.010407 seconds.
Begin MonoManager ReloadAssembly
Symbol file LoadedFromMemory doesn't match image C:\Users\bakyzz\Documents\GitHub\HelpASD\Library\PackageCache\com.unity.visualscripting@1.7.8\Editor\VisualScripting.Core\Dependencies\YamlDotNet\Unity.VisualScripting.YamlDotNet.dll
Symbol file LoadedFromMemory doesn't match image C:\Users\bakyzz\Documents\GitHub\HelpASD\Library\PackageCache\com.unity.visualscripting@1.7.8\Editor\VisualScripting.Core\Dependencies\DotNetZip\Unity.VisualScripting.IonicZip.dll
Native extension for WindowsStandalone target not found
Native extension for Android target not found
Refreshing native plugins compatible for Editor in 0.62 ms, found 3 plugins.
Preloading 0 native plugins for Editor in 0.00 ms.
Mono: successfully reloaded assembly
Package Manager log level set to [2]
- Completed reload, in  1.369 seconds
Domain Reload Profiling:
	ReloadAssembly (1370ms)
		BeginReloadAssembly (349ms)
			ExecutionOrderSort (0ms)
			DisableScriptedObjects (7ms)
			BackupInstance (0ms)
			ReleaseScriptingObjects (0ms)
			CreateAndSetChildDomain (190ms)
		EndReloadAssembly (887ms)
			LoadAssemblies (144ms)
			RebuildTransferFunctionScriptingTraits (0ms)
			SetupTypeCache (251ms)
			ReleaseScriptCaches (1ms)
			RebuildScriptCaches (54ms)
			SetupLoadedEditorAssemblies (426ms)
				LogAssemblyErrors (0ms)
				InitializePlatformSupportModulesInManaged (17ms)
				SetLoadedEditorAssemblies (0ms)
				RefreshPlugins (1ms)
				BeforeProcessingInitializeOnLoad (118ms)
				ProcessInitializeOnLoadAttributes (250ms)
				ProcessInitializeOnLoadMethodAttributes (27ms)
				AfterProcessingInitializeOnLoad (12ms)
				EditorAssembliesLoaded (0ms)
			ExecutionOrderSort2 (0ms)
			AwakeInstancesAfterBackupRestoration (8ms)
Platform modules already initialized, skipping
========================================================================
Worker process is ready to serve import requests
Launched and connected shader compiler UnityShaderCompiler.exe after 0.05 seconds
Refreshing native plugins compatible for Editor in 0.82 ms, found 3 plugins.
Preloading 0 native plugins for Editor in 0.00 ms.
Unloading 3498 Unused Serialized files (Serialized files now loaded: 0)
Unloading 40 unused Assets / (88.2 KB). Loaded Objects now: 3943.
Memory consumption went from 120.8 MB to 120.7 MB.
Total: 4.284700 ms (FindLiveObjects: 0.350200 ms CreateObjectMapping: 0.331900 ms MarkObjects: 3.499100 ms  DeleteObjects: 0.102400 ms)

AssetImportParameters requested are different than current active one (requested -> active):
  custom:video-decoder-ogg-theora: a1e56fd34408186e4bbccfd4996cb3dc -> 
  custom:container-muxer-webm: aa71ff27fc2769a1b78a27578f13a17b -> 
  custom:container-demuxer-webm: 4f35f7cbe854078d1ac9338744f61a02 -> 
  custom:video-encoder-webm-vp8: eb34c28f22e8b96e1ab97ce403110664 -> 
  custom:audio-encoder-webm-vorbis: bf7c407c2cedff20999df2af8eb42d56 -> 
  custom:framework-win-MediaFoundation: 216162199b28c13a410421893ffa2e32 -> 
  custom:container-demuxer-ogg: 62fdf1f143b41e24485cea50d1cbac27 -> 
  custom:video-decoder-webm-vp8: 9c59270c3fd7afecdb556c50c9e8de78 -> 
  custom:audio-decoder-ogg-vorbis: bf7c407c2cedff20999df2af8eb42d56 -> 
========================================================================
Received Import Request.
  Time since last request: 278224.073116 seconds.
  path: Assets/2D Atlas Speechbubbles Alphabet Numbers
  artifactKey: Guid(720b03ec2a07a0849ab6e22558826534) Importer(815301076,1909f56bfc062723c751e8b465ee728b)
Start importing Assets/2D Atlas Speechbubbles Alphabet Numbers using Guid(720b03ec2a07a0849ab6e22558826534) Importer(815301076,1909f56bfc062723c751e8b465ee728b)  -> (artifact id: '17a14d0e1e5f4e671d7b518cbd1d258c') in 0.013818 seconds 
========================================================================
Received Import Request.
  Time since last request: 0.672860 seconds.
  path: Assets/2D Atlas Speechbubbles Alphabet Numbers/Assets
  artifactKey: Guid(fd2b685cdc305b64d88b85fd61ed1a9b) Importer(815301076,1909f56bfc062723c751e8b465ee728b)
Start importing Assets/2D Atlas Speechbubbles Alphabet Numbers/Assets using Guid(fd2b685cdc305b64d88b85fd61ed1a9b) Importer(815301076,1909f56bfc062723c751e8b465ee728b)  -> (artifact id: '05be96855505531aebad77e883547727') in 0.002015 seconds 
========================================================================
Received Import Request.
  Time since last request: 0.707401 seconds.
  path: Assets/2D Atlas Speechbubbles Alphabet Numbers/Assets/Animations
  artifactKey: Guid(60efdd6766402a84e93fe09d45cc8616) Importer(815301076,1909f56bfc062723c751e8b465ee728b)
Start importing Assets/2D Atlas Speechbubbles Alphabet Numbers/Assets/Animations using Guid(60efdd6766402a84e93fe09d45cc8616) Importer(815301076,1909f56bfc062723c751e8b465ee728b)  -> (artifact id: 'a96be204224c5544521c2e1d1984c258') in 0.002056 seconds 
========================================================================
Received Import Request.
  Time since last request: 5.076575 seconds.
  path: Assets/2D Casual UI/Sprite
  artifactKey: Guid(e768493ddca804421b25bd6727f9c844) Importer(815301076,1909f56bfc062723c751e8b465ee728b)
Start importing Assets/2D Casual UI/Sprite using Guid(e768493ddca804421b25bd6727f9c844) Importer(815301076,1909f56bfc062723c751e8b465ee728b)  -> (artifact id: '723700a8e98a45a19dbd86d2c63843c7') in 0.003619 seconds 
========================================================================
Received Import Request.
  Time since last request: 0.062055 seconds.
  path: Assets/2D Casual UI/Sprite/GUI.png
  artifactKey: Guid(1eaee135ce037439d925cee5e41ce026) Importer(815301076,1909f56bfc062723c751e8b465ee728b)
Start importing Assets/2D Casual UI/Sprite/GUI.png using Guid(1eaee135ce037439d925cee5e41ce026) Importer(815301076,1909f56bfc062723c751e8b465ee728b)  -> (artifact id: '9da9e14e7e27323e14a7dbbc610fef79') in 0.629846 seconds 
========================================================================
Received Import Request.
  Time since last request: 5.958768 seconds.
  path: Assets/Adaptive Performance/AdaptivePerformanceGeneralSettings.asset
  artifactKey: Guid(d2c3e635ff2303244b5e6a25e229bc85) Importer(815301076,1909f56bfc062723c751e8b465ee728b)
Start importing Assets/Adaptive Performance/AdaptivePerformanceGeneralSettings.asset using Guid(d2c3e635ff2303244b5e6a25e229bc85) Importer(815301076,1909f56bfc062723c751e8b465ee728b)  -> (artifact id: '351790914c08e93b27d7c6618abb181c') in 0.018298 seconds 
========================================================================
Received Import Request.
  Time since last request: 2.014245 seconds.
  path: Assets/Adaptive Performance/Settings
  artifactKey: Guid(75557ebd947cccc47b2270f3a5e61736) Importer(815301076,1909f56bfc062723c751e8b465ee728b)
Start importing Assets/Adaptive Performance/Settings using Guid(75557ebd947cccc47b2270f3a5e61736) Importer(815301076,1909f56bfc062723c751e8b465ee728b)  -> (artifact id: 'bda6648be03eb3454bf23ce5165cbc2b') in 0.006145 seconds 
========================================================================
Received Import Request.
  Time since last request: 0.104240 seconds.
  path: Assets/Adaptive Performance/Settings/Simulator Provider Settings.asset
  artifactKey: Guid(edd398664894e0f43954bbbb9cdb96ea) Importer(815301076,1909f56bfc062723c751e8b465ee728b)
Start importing Assets/Adaptive Performance/Settings/Simulator Provider Settings.asset using Guid(edd398664894e0f43954bbbb9cdb96ea) Importer(815301076,1909f56bfc062723c751e8b465ee728b)  -> (artifact id: '8487dcddbca106c8e39c6fcdd091f508') in 0.007031 seconds 
========================================================================
Received Import Request.
  Time since last request: 4.261055 seconds.
  path: Assets/Adaptive Performance/Provider
  artifactKey: Guid(b37dbcd21f85c66418744582ef77f967) Importer(815301076,1909f56bfc062723c751e8b465ee728b)
Start importing Assets/Adaptive Performance/Provider using Guid(b37dbcd21f85c66418744582ef77f967) Importer(815301076,1909f56bfc062723c751e8b465ee728b)  -> (artifact id: 'a5ff7c5bf00c04610a4daf66cb994b03') in 0.002329 seconds 
========================================================================
Received Import Request.
  Time since last request: 0.056728 seconds.
  path: Assets/Adaptive Performance/Provider/Simulator Provider Loader.asset
  artifactKey: Guid(35a18eca0e924e34d9b406e4837b204a) Importer(815301076,1909f56bfc062723c751e8b465ee728b)
Start importing Assets/Adaptive Performance/Provider/Simulator Provider Loader.asset using Guid(35a18eca0e924e34d9b406e4837b204a) Importer(815301076,1909f56bfc062723c751e8b465ee728b)  -> (artifact id: '2a698c9dbb2ce763d6efdef45d78bebf') in 0.019500 seconds 
========================================================================
Received Import Request.
  Time since last request: 2.214259 seconds.
  path: Assets/Editor/com.unity.mobile.notifications
  artifactKey: Guid(8d94ea3741ad8d344a76cca0aa62f67e) Importer(815301076,1909f56bfc062723c751e8b465ee728b)
Start importing Assets/Editor/com.unity.mobile.notifications using Guid(8d94ea3741ad8d344a76cca0aa62f67e) Importer(815301076,1909f56bfc062723c751e8b465ee728b)  -> (artifact id: '58d596b89d013a0a0f6958b751d61d4f') in 0.002891 seconds 
========================================================================
Received Import Request.
  Time since last request: 0.054291 seconds.
  path: Assets/Editor/com.unity.mobile.notifications/NotificationSettings.asset
  artifactKey: Guid(4cee8bca36f2ab74b8feb832747fa6f4) Importer(815301076,1909f56bfc062723c751e8b465ee728b)
Start importing Assets/Editor/com.unity.mobile.notifications/NotificationSettings.asset using Guid(4cee8bca36f2ab74b8feb832747fa6f4) Importer(815301076,1909f56bfc062723c751e8b465ee728b)  -> (artifact id: 'f2fb5ae93f45b8acd27d12189192f1b7') in 0.005571 seconds 
========================================================================
Received Import Request.
  Time since last request: 56.015401 seconds.
  path: Assets/Scripts
  artifactKey: Guid(f420823a48fc20d449414c98f7494f23) Importer(815301076,1909f56bfc062723c751e8b465ee728b)
Start importing Assets/Scripts using Guid(f420823a48fc20d449414c98f7494f23) Importer(815301076,1909f56bfc062723c751e8b465ee728b)  -> (artifact id: '6c949d6e3d45883c17a21aefcf4da0ca') in 0.002213 seconds 
========================================================================
Received Import Request.
  Time since last request: 4.412023 seconds.
  path: Assets/Scripts/GameManagerColorG.cs
  artifactKey: Guid(eab23525ed6f75f4caa8d4dbfee1bae9) Importer(815301076,1909f56bfc062723c751e8b465ee728b)
Start importing Assets/Scripts/GameManagerColorG.cs using Guid(eab23525ed6f75f4caa8d4dbfee1bae9) Importer(815301076,1909f56bfc062723c751e8b465ee728b)  -> (artifact id: 'a3f69b2f86c5505291e0659d8dcdeb36') in 0.007826 seconds 
========================================================================
Received Import Request.
  Time since last request: 104.560591 seconds.
  path: Assets/Scripts/Games.cs
  artifactKey: Guid(d09398bfdb9ad5047bae14dba3c9fa2a) Importer(815301076,1909f56bfc062723c751e8b465ee728b)
Start importing Assets/Scripts/Games.cs using Guid(d09398bfdb9ad5047bae14dba3c9fa2a) Importer(815301076,1909f56bfc062723c751e8b465ee728b)  -> (artifact id: 'b607f21abb9be5b99c9ee14732025640') in 0.003942 seconds 
========================================================================
Received Import Request.
  Time since last request: 5.639750 seconds.
  path: Assets/Scripts/LinksScript.cs
  artifactKey: Guid(057fad37d0224c944ac10aee72ac3190) Importer(815301076,1909f56bfc062723c751e8b465ee728b)
Start importing Assets/Scripts/LinksScript.cs using Guid(057fad37d0224c944ac10aee72ac3190) Importer(815301076,1909f56bfc062723c751e8b465ee728b)  -> (artifact id: '4c4702f9ce5a70152619af7cdcf69a15') in 0.003044 seconds 
========================================================================
Received Import Request.
  Time since last request: 2.094953 seconds.
  path: Assets/Scripts/Semn.cs
  artifactKey: Guid(e0f3f7fbd5649ce48873ffc0d2e7964a) Importer(815301076,1909f56bfc062723c751e8b465ee728b)
Start importing Assets/Scripts/Semn.cs using Guid(e0f3f7fbd5649ce48873ffc0d2e7964a) Importer(815301076,1909f56bfc062723c751e8b465ee728b)  -> (artifact id: '694b1118e8fb0cdb0a54225ec661a801') in 0.002294 seconds 
========================================================================
Received Import Request.
  Time since last request: 10.961628 seconds.
  path: Assets/Scripts/TheGlumatoare.cs
  artifactKey: Guid(e26301a0d912d7d489e9486a7756ece7) Importer(815301076,1909f56bfc062723c751e8b465ee728b)
Start importing Assets/Scripts/TheGlumatoare.cs using Guid(e26301a0d912d7d489e9486a7756ece7) Importer(815301076,1909f56bfc062723c751e8b465ee728b)  -> (artifact id: '3d518c51d08f033c6895717f3a1921d4') in 0.002709 seconds 
========================================================================
Received Import Request.
  Time since last request: 10.255010 seconds.
  path: Assets/Scripts/TimerInsert_Function.cs
  artifactKey: Guid(82c6dfa677f1b6247bff08333764b904) Importer(815301076,1909f56bfc062723c751e8b465ee728b)
Start importing Assets/Scripts/TimerInsert_Function.cs using Guid(82c6dfa677f1b6247bff08333764b904) Importer(815301076,1909f56bfc062723c751e8b465ee728b)  -> (artifact id: 'bef48375a65d3eca28c2a9d62956b930') in 0.004898 seconds 
========================================================================
Received Import Request.
  Time since last request: 133.693662 seconds.
  path: Assets/Scripts/randomnr.cs
  artifactKey: Guid(94715240b4f5c6740adda87e69f0b3cf) Importer(815301076,1909f56bfc062723c751e8b465ee728b)
Start importing Assets/Scripts/randomnr.cs using Guid(94715240b4f5c6740adda87e69f0b3cf) Importer(815301076,1909f56bfc062723c751e8b465ee728b)  -> (artifact id: '92ea0345030517f38395d9b002e971fc') in 0.002432 seconds 
